<?xml version="1.0" encoding="UTF-8"?>
<!-- Generated by org.testng.reporters.JUnitReportReporter -->
<testsuite hostname="KSHITIJKK" failures="0" tests="4" name="automation_pagetest.SwabLabs_PageTest" time="4.303" errors="0" timestamp="2025-05-20T19:27:30 IST" skipped="0">
  <testcase classname="automation_pagetest.SwabLabs_PageTest" name="verifyLoginWithIncorrectCredentials" time="0.307"/>
  <testcase classname="automation_pagetest.SwabLabs_PageTest" name="verifyLoginWithCorrectCredentials" time="3.389"/>
  <testcase classname="automation_pagetest.SwabLabs_PageTest" name="verifyCartFunctionalityWorksCorectly" time="0.243"/>
  <testcase classname="automation_pagetest.SwabLabs_PageTest" name="verifyCheckoutFunctionalityWorksCorrectly" time="0.364"/>
</testsuite> <!-- automation_pagetest.SwabLabs_PageTest -->
