<?xml version="1.0" encoding="UTF-8"?>
<!-- Generated by org.testng.reporters.JUnitReportReporter -->
<testsuite hostname="KSHITIJKK" failures="0" tests="7" name="automation_pagetest.SwabLabs_PageTestParalleltest" time="4.445" errors="0" timestamp="2025-05-21T02:21:38 IST" skipped="0">
  <testcase classname="automation_pagetest.SwabLabs_PageTestParalleltest" name="verifyLoginWithIncorrectCredentials" time="0.361"/>
  <testcase classname="automation_pagetest.SwabLabs_PageTestParalleltest" name="verifyLoginWithCorrectCredentials" time="3.410"/>
  <testcase classname="automation_pagetest.SwabLabs_PageTestParalleltest" name="verifyCartFunctionalityWorksCorectly" time="0.239"/>
  <testcase classname="automation_pagetest.SwabLabs_PageTestParalleltest" name="verifyCheckoutFunctionalityWorksCorrectly" time="0.433"/>
  <testcase classname="automation_pagetest.SwabLabs_PageTestParalleltest" name="myTest" time="0.001"/>
  <testcase classname="automation_pagetest.SwabLabs_PageTestParalleltest" name="myTest" time="0.001"/>
  <testcase classname="automation_pagetest.SwabLabs_PageTestParalleltest" name="myTest" time="0.000"/>
</testsuite> <!-- automation_pagetest.SwabLabs_PageTestParalleltest -->
